[INFO] Scanning for projects...
[INFO] 
[INFO] -------------------------< io.pillopl:library >-------------------------
[INFO] Building library 0.0.1-SNAPSHOT
[INFO]   from pom.xml
[INFO] --------------------------------[ jar ]---------------------------------
[INFO] 
[INFO] >>> spring-boot:2.2.0.M6:run (default-cli) > test-compile @ library >>>
[INFO] 
[INFO] --- gplus:1.6.2:addTestSources (default) @ library ---
[INFO] 
[INFO] --- jacoco:0.8.3:prepare-agent (prepare-agent) @ library ---
[INFO] argLine set to "-javaagent:/Users/chris.diaz/.m2/repository/org/jacoco/org.jacoco.agent/0.8.3/org.jacoco.agent-0.8.3-runtime.jar=destfile=/Users/chris.diaz/dev/Cascade Demo Projects/library_demo/target/jacoco.exec"
[INFO] 
[INFO] --- resources:3.1.0:resources (default-resources) @ library ---
[INFO] Using 'UTF-8' encoding to copy filtered resources.
[INFO] Copying 2 resources
[INFO] Copying 4 resources
[INFO] 
[INFO] --- compiler:3.8.1:compile (default-compile) @ library ---
[INFO] Nothing to compile - all classes are up to date
[INFO] 
[INFO] --- build-helper:1.12:add-test-resource (add-integration-test-resources) @ library ---
[INFO] 
[INFO] --- resources:3.1.0:testResources (default-testResources) @ library ---
[INFO] Using 'UTF-8' encoding to copy filtered resources.
[INFO] Copying 1 resource
[INFO] skip non existing resourceDirectory /Users/chris.diaz/dev/Cascade Demo Projects/library_demo/src/integration-test/resources
[INFO] 
[INFO] --- compiler:3.8.1:testCompile (default-testCompile) @ library ---
[INFO] Nothing to compile - all classes are up to date
[INFO] 
[INFO] --- gplus:1.6.2:compileTests (default) @ library ---
WARNING: An illegal reflective access operation has occurred
WARNING: Illegal reflective access by org.codehaus.groovy.vmplugin.v7.Java7$1 (file:/Users/chris.diaz/.m2/repository/org/codehaus/groovy/groovy/2.5.8/groovy-2.5.8.jar) to constructor java.lang.invoke.MethodHandles$Lookup(java.lang.Class,int)
WARNING: Please consider reporting this to the maintainers of org.codehaus.groovy.vmplugin.v7.Java7$1
WARNING: Use --illegal-access=warn to enable warnings of further illegal reflective access operations
WARNING: All illegal access operations will be denied in a future release
[INFO] Using Groovy 2.5.8 to perform compileTests.
[INFO] Compiled 82 files.
[INFO] 
[INFO] <<< spring-boot:2.2.0.M6:run (default-cli) < test-compile @ library <<<
[INFO] 
[INFO] 
[INFO] --- spring-boot:2.2.0.M6:run (default-cli) @ library ---
[INFO] Attaching agents: []
2025-05-28 19:00:27.155  INFO 96308 --- [           main] io.pillopl.library.LibraryApplication    : Starting LibraryApplication on chriss-Laptop.local with PID 96308 (started by chris.diaz in /Users/chris.diaz/dev/Cascade Demo Projects/library_demo)
2025-05-28 19:00:27.156  INFO 96308 --- [           main] io.pillopl.library.LibraryApplication    : The following profiles are active: dev
2025-05-28 19:00:27.393  INFO 96308 --- [           main] io.pillopl.library.LibraryApplication    : Started LibraryApplication in 0.355532416 seconds (JVM running for 0.474)

  .   ____          _            __ _ _
 /\\ / ___'_ __ _ _(_)_ __  __ _ \ \ \ \
( ( )\___ | '_ | '_| | '_ \/ _` | \ \ \ \
 \\/  ___)| |_)| | | | | || (_| |  ) ) ) )
  '  |____| .__|_| |_|_| |_\__, | / / / /
 =========|_|==============|___/=/_/_/_/
 :: Spring Boot ::             (v2.2.0.M6)

2025-05-28 19:00:27.404  INFO 96308 --- [           main] io.pillopl.library.LibraryApplication    : The following profiles are active: dev
2025-05-28 19:00:27.468  INFO 96308 --- [           main] .s.d.r.c.RepositoryConfigurationDelegate : Bootstrapping Spring Data repositories in DEFAULT mode.
2025-05-28 19:00:27.483  INFO 96308 --- [           main] .s.d.r.c.RepositoryConfigurationDelegate : Finished Spring Data repository scanning in 14ms. Found 1 repository interfaces.
2025-05-28 19:00:27.558  INFO 96308 --- [           main] trationDelegate$BeanPostProcessorChecker : Bean 'org.springframework.transaction.annotation.ProxyTransactionManagementConfiguration' of type [org.springframework.transaction.annotation.ProxyTransactionManagementConfiguration] is not eligible for getting processed by all BeanPostProcessors (for example: not eligible for auto-proxying)
2025-05-28 19:00:27.619  INFO 96308 --- [           main] o.s.b.w.embedded.tomcat.TomcatWebServer  : Tomcat initialized with port(s): 8080 (http)
2025-05-28 19:00:27.623  INFO 96308 --- [           main] o.apache.catalina.core.StandardService   : Starting service [Tomcat]
2025-05-28 19:00:27.623  INFO 96308 --- [           main] org.apache.catalina.core.StandardEngine  : Starting Servlet engine: [Apache Tomcat/9.0.24]
2025-05-28 19:00:27.646  INFO 96308 --- [           main] o.a.c.c.C.[Tomcat].[localhost].[/]       : Initializing Spring embedded WebApplicationContext
2025-05-28 19:00:27.646  INFO 96308 --- [           main] o.s.web.context.ContextLoader            : Root WebApplicationContext: initialization completed in 240 ms
2025-05-28 19:00:27.653  INFO 96308 --- [           main] o.s.j.d.e.EmbeddedDatabaseFactory        : Starting embedded database: url='jdbc:h2:mem:d88a6d65-228f-4d50-9c61-5f1ff96be296;DB_CLOSE_DELAY=-1;DB_CLOSE_ON_EXIT=false', username='sa'
2025-05-28 19:00:27.699  INFO 96308 --- [           main] o.s.b.a.h2.H2ConsoleAutoConfiguration    : H2 console available at '/h2-console'. Database available at 'jdbc:h2:mem:d88a6d65-228f-4d50-9c61-5f1ff96be296'
2025-05-28 19:00:27.829  INFO 96308 --- [           main] o.s.s.concurrent.ThreadPoolTaskExecutor  : Initializing ExecutorService 'applicationTaskExecutor'
2025-05-28 19:00:27.877  INFO 96308 --- [           main] o.s.s.c.ThreadPoolTaskScheduler          : Initializing ExecutorService 'taskScheduler'
2025-05-28 19:00:27.880  INFO 96308 --- [           main] o.s.b.a.e.web.EndpointLinksResolver      : Exposing 4 endpoint(s) beneath base path '/actuator'
2025-05-28 19:00:27.897  INFO 96308 --- [           main] o.s.b.w.embedded.tomcat.TomcatWebServer  : Tomcat started on port(s): 8080 (http) with context path ''
2025-05-28 19:00:27.898  INFO 96308 --- [           main] io.pillopl.library.LibraryApplication    : Started LibraryApplication in 0.50444675 seconds (JVM running for 0.979)

  .   ____          _            __ _ _
 /\\ / ___'_ __ _ _(_)_ __  __ _ \ \ \ \
( ( )\___ | '_ | '_| | '_ \/ _` | \ \ \ \
 \\/  ___)| |_)| | | | | || (_| |  ) ) ) )
  '  |____| .__|_| |_|_| |_\__, | / / / /
 =========|_|==============|___/=/_/_/_/
 :: Spring Boot ::             (v2.2.0.M6)

2025-05-28 19:00:27.916  INFO 96308 --- [           main] io.pillopl.library.LibraryApplication    : The following profiles are active: dev
2025-05-28 19:00:27.947  INFO 96308 --- [           main] .s.d.r.c.RepositoryConfigurationDelegate : Bootstrapping Spring Data repositories in DEFAULT mode.
2025-05-28 19:00:27.948  INFO 96308 --- [           main] .s.d.r.c.RepositoryConfigurationDelegate : Finished Spring Data repository scanning in 1ms. Found 0 repository interfaces.
2025-05-28 19:00:27.954  INFO 96308 --- [           main] trationDelegate$BeanPostProcessorChecker : Bean 'org.springframework.transaction.annotation.ProxyTransactionManagementConfiguration' of type [org.springframework.transaction.annotation.ProxyTransactionManagementConfiguration] is not eligible for getting processed by all BeanPostProcessors (for example: not eligible for auto-proxying)
2025-05-28 19:00:27.955  INFO 96308 --- [           main] o.s.j.d.e.EmbeddedDatabaseFactory        : Starting embedded database: url='jdbc:h2:mem:5af35e66-850c-410a-912a-8e20fb88cbe5;DB_CLOSE_DELAY=-1;DB_CLOSE_ON_EXIT=false', username='sa'
2025-05-28 19:00:27.969  INFO 96308 --- [           main] io.pillopl.library.LibraryApplication    : Started LibraryApplication in 0.05835675 seconds (JVM running for 1.05)
2025-05-28 19:00:39.520  INFO 96308 --- [nio-8080-exec-1] o.a.c.c.C.[Tomcat].[localhost].[/]       : Initializing Spring DispatcherServlet 'dispatcherServlet'
2025-05-28 19:00:39.520  INFO 96308 --- [nio-8080-exec-1] o.s.web.servlet.DispatcherServlet        : Initializing Servlet 'dispatcherServlet'
2025-05-28 19:00:39.524  INFO 96308 --- [nio-8080-exec-1] o.s.web.servlet.DispatcherServlet        : Completed initialization in 4 ms
2025-05-28 19:00:39.583  INFO 96308 --- [       Thread-1] o.s.s.c.ThreadPoolTaskScheduler          : Shutting down ExecutorService 'taskScheduler'
2025-05-28 19:00:39.583  INFO 96308 --- [       Thread-1] o.s.j.d.e.EmbeddedDatabaseFactory        : Shutting down embedded database: url='jdbc:h2:mem:d88a6d65-228f-4d50-9c61-5f1ff96be296;DB_CLOSE_DELAY=-1;DB_CLOSE_ON_EXIT=false'
2025-05-28 19:00:39.593  INFO 96308 --- [       Thread-1] o.s.j.d.e.EmbeddedDatabaseFactory        : Shutting down embedded database: url='jdbc:h2:mem:5af35e66-850c-410a-912a-8e20fb88cbe5;DB_CLOSE_DELAY=-1;DB_CLOSE_ON_EXIT=false'
2025-05-28 19:00:39.593  INFO 96308 --- [       Thread-1] o.s.s.concurrent.ThreadPoolTaskExecutor  : Shutting down ExecutorService 'applicationTaskExecutor'
